<?xml version="1.0" encoding="UTF-8"?>
<testsuite name="csc366.jpademo.Demo1" tests="5" skipped="0" failures="0" errors="0" timestamp="2024-03-03T21:06:56" hostname="sameeras-MacBook-Air.local" time="0.038">
  <properties/>
  <testcase name="testPersonAndAddress()" classname="csc366.jpademo.Demo1" time="0.013"/>
  <testcase name="testPersonAddressQuery()" classname="csc366.jpademo.Demo1" time="0.004"/>
  <testcase name="testRemoveAddress()" classname="csc366.jpademo.Demo1" time="0.005"/>
  <testcase name="testRemoveAddressAndFlush()" classname="csc366.jpademo.Demo1" time="0.007"/>
  <testcase name="testJpqlJoin()" classname="csc366.jpademo.Demo1" time="0.008"/>
  <system-out><![CDATA[2024-03-03 13:06:56 - Starting Demo1 on sameeras-MacBook-Air.local with PID 72557 (started by sameera in /Users/sameera/Desktop/366Project)
2024-03-03 13:06:56 - Running with Spring Boot v2.2.4.RELEASE, Spring v5.2.3.RELEASE
2024-03-03 13:06:56 - No active profile set, falling back to default profiles: default
2024-03-03 13:06:56 - 
    
    create table address (
       id bigint generated by default as identity,
        city varchar(255),
        state varchar(255),
        street varchar(255),
        zip_code varchar(255),
        person_id bigint,
        primary key (id)
    )
2024-03-03 13:06:56 - 
    
    create table customer (
       id bigint generated by default as identity,
        first_name varchar(255),
        last_name varchar(255) not null,
        primary key (id)
    )
2024-03-03 13:06:56 - 
    
    create table person (
       id bigint generated by default as identity,
        email varchar(255),
        first_name varchar(255),
        last_name varchar(255) not null,
        primary key (id)
    )
2024-03-03 13:06:56 - 
    
    alter table customer 
       drop constraint if exists UK3d5c42yv36q97pji954ux3j8d
2024-03-03 13:06:56 - 
    
    alter table customer 
       add constraint UK3d5c42yv36q97pji954ux3j8d unique (last_name, first_name)
2024-03-03 13:06:56 - 
    
    alter table customer 
       drop constraint if exists UK_fxawosbpjojlj4173ymava9ni
2024-03-03 13:06:56 - 
    
    alter table customer 
       add constraint UK_fxawosbpjojlj4173ymava9ni unique (last_name)
2024-03-03 13:06:56 - 
    
    alter table person 
       drop constraint if exists UK6wjuvbalf4x2thqkfxejnlbvh
2024-03-03 13:06:56 - 
    
    alter table person 
       add constraint UK6wjuvbalf4x2thqkfxejnlbvh unique (last_name, first_name)
2024-03-03 13:06:56 - 
    
    alter table person 
       drop constraint if exists UK_fwmwi44u55bo4rvwsv0cln012
2024-03-03 13:06:56 - 
    
    alter table person 
       add constraint UK_fwmwi44u55bo4rvwsv0cln012 unique (email)
2024-03-03 13:06:56 - 
    
    alter table person 
       drop constraint if exists UK_6atyavdanbj9pwrbrod7irb2x
2024-03-03 13:06:56 - 
    
    alter table person 
       add constraint UK_6atyavdanbj9pwrbrod7irb2x unique (last_name)
2024-03-03 13:06:56 - 
    
    alter table address 
       add constraint FK81ihijcn1kdfwffke0c0sjqeb 
       foreign key (person_id) 
       references person
2024-03-03 13:06:56 - Started Demo1 in 0.136 seconds (JVM running for 1.565)
2024-03-03 13:06:56 - 
    insert 
    into
        person
        (id, email, first_name, last_name) 
    values
        (null, ?, ?, ?)
2024-03-03 13:06:56 - binding parameter [1] as [VARCHAR] - [test@calpoly.edu]
2024-03-03 13:06:56 - binding parameter [2] as [VARCHAR] - [test]
2024-03-03 13:06:56 - binding parameter [3] as [VARCHAR] - [test]
2024-03-03 13:06:56 - 
    insert 
    into
        address
        (id, city, person_id, state, street, zip_code) 
    values
        (null, ?, ?, ?, ?, ?)
2024-03-03 13:06:56 - binding parameter [1] as [VARCHAR] - [SLO]
2024-03-03 13:06:56 - binding parameter [2] as [BIGINT] - [1]
2024-03-03 13:06:56 - binding parameter [3] as [VARCHAR] - [CA]
2024-03-03 13:06:56 - binding parameter [4] as [VARCHAR] - [1 Grand Ave]
2024-03-03 13:06:56 - binding parameter [5] as [VARCHAR] - [93407]
2024-03-03 13:06:56 - 
    select
        person0_.id as id1_2_,
        person0_.email as email2_2_,
        person0_.first_name as first_na3_2_,
        person0_.last_name as last_nam4_2_ 
    from
        person person0_ 
    where
        person0_.first_name=?
2024-03-03 13:06:56 - binding parameter [1] as [VARCHAR] - [test]
2024-03-03 13:06:56 - Person[1,test,test,addresses=[Address[1,1 Grand Ave,SLO,CA,93407]]]
2024-03-03 13:06:56 - 
    insert 
    into
        person
        (id, email, first_name, last_name) 
    values
        (null, ?, ?, ?)
2024-03-03 13:06:56 - binding parameter [1] as [VARCHAR] - [test@calpoly.edu]
2024-03-03 13:06:56 - binding parameter [2] as [VARCHAR] - [test]
2024-03-03 13:06:56 - binding parameter [3] as [VARCHAR] - [test]
2024-03-03 13:06:56 - 
    insert 
    into
        address
        (id, city, person_id, state, street, zip_code) 
    values
        (null, ?, ?, ?, ?, ?)
2024-03-03 13:06:56 - binding parameter [1] as [VARCHAR] - [SLO]
2024-03-03 13:06:56 - binding parameter [2] as [BIGINT] - [2]
2024-03-03 13:06:56 - binding parameter [3] as [VARCHAR] - [CA]
2024-03-03 13:06:56 - binding parameter [4] as [VARCHAR] - [1 Grand Ave]
2024-03-03 13:06:56 - binding parameter [5] as [VARCHAR] - [93407]
2024-03-03 13:06:56 - 
    select
        person0_.id as id1_2_,
        person0_.email as email2_2_,
        person0_.first_name as first_na3_2_,
        person0_.last_name as last_nam4_2_ 
    from
        person person0_ 
    where
        person0_.first_name=?
2024-03-03 13:06:56 - binding parameter [1] as [VARCHAR] - [test]
2024-03-03 13:06:56 - 
    insert 
    into
        person
        (id, email, first_name, last_name) 
    values
        (null, ?, ?, ?)
2024-03-03 13:06:56 - binding parameter [1] as [VARCHAR] - [test@calpoly.edu]
2024-03-03 13:06:56 - binding parameter [2] as [VARCHAR] - [test]
2024-03-03 13:06:56 - binding parameter [3] as [VARCHAR] - [test]
2024-03-03 13:06:56 - 
    insert 
    into
        address
        (id, city, person_id, state, street, zip_code) 
    values
        (null, ?, ?, ?, ?, ?)
2024-03-03 13:06:56 - binding parameter [1] as [VARCHAR] - [SLO]
2024-03-03 13:06:56 - binding parameter [2] as [BIGINT] - [3]
2024-03-03 13:06:56 - binding parameter [3] as [VARCHAR] - [CA]
2024-03-03 13:06:56 - binding parameter [4] as [VARCHAR] - [1 Grand Ave]
2024-03-03 13:06:56 - binding parameter [5] as [VARCHAR] - [93407]
2024-03-03 13:06:56 - 
    select
        person0_.id as id1_2_,
        person0_.email as email2_2_,
        person0_.first_name as first_na3_2_,
        person0_.last_name as last_nam4_2_ 
    from
        person person0_ 
    where
        person0_.first_name=?
2024-03-03 13:06:56 - binding parameter [1] as [VARCHAR] - [test]
2024-03-03 13:06:56 - Person[3,test,test,addresses=[]]
2024-03-03 13:06:56 - 
    insert 
    into
        person
        (id, email, first_name, last_name) 
    values
        (null, ?, ?, ?)
2024-03-03 13:06:56 - binding parameter [1] as [VARCHAR] - [test@calpoly.edu]
2024-03-03 13:06:56 - binding parameter [2] as [VARCHAR] - [test]
2024-03-03 13:06:56 - binding parameter [3] as [VARCHAR] - [test]
2024-03-03 13:06:56 - 
    insert 
    into
        address
        (id, city, person_id, state, street, zip_code) 
    values
        (null, ?, ?, ?, ?, ?)
2024-03-03 13:06:56 - binding parameter [1] as [VARCHAR] - [SLO]
2024-03-03 13:06:56 - binding parameter [2] as [BIGINT] - [4]
2024-03-03 13:06:56 - binding parameter [3] as [VARCHAR] - [CA]
2024-03-03 13:06:56 - binding parameter [4] as [VARCHAR] - [1 Grand Ave]
2024-03-03 13:06:56 - binding parameter [5] as [VARCHAR] - [93407]
2024-03-03 13:06:56 - 
    select
        person0_.id as id1_2_,
        person0_.email as email2_2_,
        person0_.first_name as first_na3_2_,
        person0_.last_name as last_nam4_2_ 
    from
        person person0_ 
    where
        person0_.first_name=?
2024-03-03 13:06:56 - binding parameter [1] as [VARCHAR] - [test]
2024-03-03 13:06:56 - 
    delete 
    from
        address 
    where
        id=?
2024-03-03 13:06:56 - binding parameter [1] as [BIGINT] - [4]
2024-03-03 13:06:56 - Person[4,test,test,addresses=[]]
2024-03-03 13:06:56 - 
    insert 
    into
        person
        (id, email, first_name, last_name) 
    values
        (null, ?, ?, ?)
2024-03-03 13:06:56 - binding parameter [1] as [VARCHAR] - [test@calpoly.edu]
2024-03-03 13:06:56 - binding parameter [2] as [VARCHAR] - [test]
2024-03-03 13:06:56 - binding parameter [3] as [VARCHAR] - [test]
2024-03-03 13:06:56 - 
    insert 
    into
        address
        (id, city, person_id, state, street, zip_code) 
    values
        (null, ?, ?, ?, ?, ?)
2024-03-03 13:06:56 - binding parameter [1] as [VARCHAR] - [SLO]
2024-03-03 13:06:56 - binding parameter [2] as [BIGINT] - [5]
2024-03-03 13:06:56 - binding parameter [3] as [VARCHAR] - [CA]
2024-03-03 13:06:56 - binding parameter [4] as [VARCHAR] - [1 Grand Ave]
2024-03-03 13:06:56 - binding parameter [5] as [VARCHAR] - [93407]
2024-03-03 13:06:56 - 
    select
        person0_.id as id1_2_,
        person0_.email as email2_2_,
        person0_.first_name as first_na3_2_,
        person0_.last_name as last_nam4_2_ 
    from
        person person0_ 
    inner join
        address addresses1_ 
            on person0_.id=addresses1_.person_id 
    where
        person0_.first_name=? 
        or person0_.last_name=?
2024-03-03 13:06:56 - binding parameter [1] as [VARCHAR] - [test]
2024-03-03 13:06:56 - binding parameter [2] as [VARCHAR] - [test]
2024-03-03 13:06:56 - Person[5,test,test,addresses=[Address[5,1 Grand Ave,SLO,CA,93407]]]
2024-03-03 13:06:56 - 
    insert 
    into
        address
        (id, city, person_id, state, street, zip_code) 
    values
        (null, ?, ?, ?, ?, ?)
2024-03-03 13:06:56 - binding parameter [1] as [VARCHAR] - [SLO]
2024-03-03 13:06:56 - binding parameter [2] as [BIGINT] - [5]
2024-03-03 13:06:56 - binding parameter [3] as [VARCHAR] - [CA]
2024-03-03 13:06:56 - binding parameter [4] as [VARCHAR] - [2 Grand Ave]
2024-03-03 13:06:56 - binding parameter [5] as [VARCHAR] - [93407-0002]
2024-03-03 13:06:56 - 
    select
        person0_.id as id1_2_,
        person0_.email as email2_2_,
        person0_.first_name as first_na3_2_,
        person0_.last_name as last_nam4_2_ 
    from
        person person0_ 
    inner join
        address addresses1_ 
            on person0_.id=addresses1_.person_id 
    where
        person0_.first_name=? 
        or person0_.last_name=?
2024-03-03 13:06:56 - binding parameter [1] as [VARCHAR] - [test]
2024-03-03 13:06:56 - binding parameter [2] as [VARCHAR] - [test]
2024-03-03 13:06:56 - Person[5,test,test,addresses=[Address[5,1 Grand Ave,SLO,CA,93407], Address[6,2 Grand Ave,SLO,CA,93407-0002]]]
]]></system-out>
  <system-err><![CDATA[]]></system-err>
</testsuite>
