<?xml version="1.0" encoding="UTF-8"?>
<testsuite name="csc366.jpademo.Demo0" tests="7" skipped="0" failures="0" errors="0" timestamp="2024-03-03T22:43:55" hostname="CTS-TECHRENTALS-131315" time="0.123">
  <properties/>
  <testcase name="testSavePerson()" classname="csc366.jpademo.Demo0" time="0.08"/>
  <testcase name="testGetPerson()" classname="csc366.jpademo.Demo0" time="0.004"/>
  <testcase name="testDeletePerson()" classname="csc366.jpademo.Demo0" time="0.009"/>
  <testcase name="testFindAllPersons()" classname="csc366.jpademo.Demo0" time="0.006"/>
  <testcase name="testDeletByPersonId()" classname="csc366.jpademo.Demo0" time="0.005"/>
  <testcase name="testJpqlFinder()" classname="csc366.jpademo.Demo0" time="0.004"/>
  <testcase name="testSqlFinder()" classname="csc366.jpademo.Demo0" time="0.01"/>
  <system-out><![CDATA[14:43:54.289 [Test worker] DEBUG org.springframework.test.context.BootstrapUtils - Instantiating CacheAwareContextLoaderDelegate from class [org.springframework.test.context.cache.DefaultCacheAwareContextLoaderDelegate]
14:43:54.294 [Test worker] DEBUG org.springframework.test.context.BootstrapUtils - Instantiating BootstrapContext using constructor [public org.springframework.test.context.support.DefaultBootstrapContext(java.lang.Class,org.springframework.test.context.CacheAwareContextLoaderDelegate)]
14:43:54.306 [Test worker] DEBUG org.springframework.test.context.BootstrapUtils - Instantiating TestContextBootstrapper for test class [csc366.jpademo.Demo0] from class [org.springframework.boot.test.autoconfigure.orm.jpa.DataJpaTestContextBootstrapper]
14:43:54.313 [Test worker] INFO org.springframework.boot.test.autoconfigure.orm.jpa.DataJpaTestContextBootstrapper - Neither @ContextConfiguration nor @ContextHierarchy found for test class [csc366.jpademo.Demo0], using SpringBootContextLoader
14:43:54.314 [Test worker] DEBUG org.springframework.test.context.support.AbstractContextLoader - Did not detect default resource location for test class [csc366.jpademo.Demo0]: class path resource [csc366/jpademo/Demo0-context.xml] does not exist
14:43:54.315 [Test worker] DEBUG org.springframework.test.context.support.AbstractContextLoader - Did not detect default resource location for test class [csc366.jpademo.Demo0]: class path resource [csc366/jpademo/Demo0Context.groovy] does not exist
14:43:54.315 [Test worker] INFO org.springframework.test.context.support.AbstractContextLoader - Could not detect default resource locations for test class [csc366.jpademo.Demo0]: no resource found for suffixes {-context.xml, Context.groovy}.
14:43:54.315 [Test worker] INFO org.springframework.test.context.support.AnnotationConfigContextLoaderUtils - Could not detect default configuration classes for test class [csc366.jpademo.Demo0]: Demo0 does not declare any static, non-private, non-final, nested classes annotated with @Configuration.
14:43:54.333 [Test worker] DEBUG org.springframework.test.context.support.ActiveProfilesUtils - Could not find an 'annotation declaring class' for annotation type [org.springframework.test.context.ActiveProfiles] and class [csc366.jpademo.Demo0]
14:43:54.352 [Test worker] DEBUG org.springframework.context.annotation.ClassPathScanningCandidateComponentProvider - Identified candidate component class: file [/Users/tgsrikan/366/csc-366-group-proj/build/classes/java/main/csc366/jpademo/JpaDemoApplication.class]
14:43:54.354 [Test worker] INFO org.springframework.boot.test.context.SpringBootTestContextBootstrapper - Found @SpringBootConfiguration csc366.jpademo.JpaDemoApplication for test class csc366.jpademo.Demo0
14:43:54.355 [Test worker] DEBUG org.springframework.boot.test.autoconfigure.orm.jpa.DataJpaTestContextBootstrapper - @TestExecutionListeners is not present for class [csc366.jpademo.Demo0]: using defaults.
14:43:54.355 [Test worker] INFO org.springframework.boot.test.autoconfigure.orm.jpa.DataJpaTestContextBootstrapper - Loaded default TestExecutionListener class names from location [META-INF/spring.factories]: [org.springframework.boot.test.autoconfigure.restdocs.RestDocsTestExecutionListener, org.springframework.boot.test.autoconfigure.web.client.MockRestServiceServerResetTestExecutionListener, org.springframework.boot.test.autoconfigure.web.servlet.MockMvcPrintOnlyOnFailureTestExecutionListener, org.springframework.boot.test.autoconfigure.web.servlet.WebDriverTestExecutionListener, org.springframework.boot.test.mock.mockito.MockitoTestExecutionListener, org.springframework.boot.test.mock.mockito.ResetMocksTestExecutionListener, org.springframework.test.context.web.ServletTestExecutionListener, org.springframework.test.context.support.DirtiesContextBeforeModesTestExecutionListener, org.springframework.test.context.support.DependencyInjectionTestExecutionListener, org.springframework.test.context.support.DirtiesContextTestExecutionListener, org.springframework.test.context.transaction.TransactionalTestExecutionListener, org.springframework.test.context.jdbc.SqlScriptsTestExecutionListener, org.springframework.test.context.event.EventPublishingTestExecutionListener]
14:43:54.360 [Test worker] INFO org.springframework.boot.test.autoconfigure.orm.jpa.DataJpaTestContextBootstrapper - Using TestExecutionListeners: [org.springframework.test.context.web.ServletTestExecutionListener@52d645b1, org.springframework.test.context.support.DirtiesContextBeforeModesTestExecutionListener@2101b44a, org.springframework.boot.test.mock.mockito.MockitoTestExecutionListener@2cc3ad05, org.springframework.boot.test.autoconfigure.SpringBootDependencyInjectionTestExecutionListener@710b18a6, org.springframework.test.context.support.DirtiesContextTestExecutionListener@119020fb, org.springframework.test.context.transaction.TransactionalTestExecutionListener@3d9f6567, org.springframework.test.context.jdbc.SqlScriptsTestExecutionListener@c055c54, org.springframework.test.context.event.EventPublishingTestExecutionListener@25e2ab5a, org.springframework.boot.test.autoconfigure.restdocs.RestDocsTestExecutionListener@35e5d0e5, org.springframework.boot.test.autoconfigure.web.client.MockRestServiceServerResetTestExecutionListener@73173f63, org.springframework.boot.test.autoconfigure.web.servlet.MockMvcPrintOnlyOnFailureTestExecutionListener@55562aa9, org.springframework.boot.test.autoconfigure.web.servlet.WebDriverTestExecutionListener@655ef322, org.springframework.boot.test.mock.mockito.ResetMocksTestExecutionListener@7e276594]
14:43:54.361 [Test worker] DEBUG org.springframework.test.context.support.AbstractDirtiesContextTestExecutionListener - Before test class: context [DefaultTestContext@56aaaecd testClass = Demo0, testInstance = [null], testMethod = [null], testException = [null], mergedContextConfiguration = [MergedContextConfiguration@522a32b1 testClass = Demo0, locations = '{}', classes = '{class csc366.jpademo.JpaDemoApplication}', contextInitializerClasses = '[]', activeProfiles = '{}', propertySourceLocations = '{}', propertySourceProperties = '{spring.main.banner-mode=off, spring.jpa.hibernate.ddl-auto=update, logging.level.root=ERROR, logging.level.csc366=DEBUG, logging.level.org.hibernate.SQL=DEBUG, logging.level.org.hibernate.type.descriptor.sql.BasicBinder=TRACE, spring.jpa.properties.hibernate.format_sql=true, spring.jpa.show-sql=false, spring.jpa.properties.hibernate.show_sql=false, logging.pattern.console= %d{yyyy-MM-dd HH:mm:ss} - %msg%n, org.springframework.boot.test.autoconfigure.orm.jpa.DataJpaTestContextBootstrapper=true}', contextCustomizers = set[org.springframework.boot.test.autoconfigure.OverrideAutoConfigurationContextCustomizerFactory$DisableAutoConfigurationContextCustomizer@2c4d1ac, org.springframework.boot.test.autoconfigure.filter.TypeExcludeFiltersContextCustomizer@351584c0, org.springframework.boot.test.autoconfigure.properties.PropertyMappingContextCustomizer@db7179, org.springframework.boot.test.autoconfigure.web.servlet.WebDriverContextCustomizerFactory$Customizer@53941c2f, [ImportsContextCustomizer@35390ee3 key = [org.springframework.boot.autoconfigure.cache.CacheAutoConfiguration, org.springframework.boot.autoconfigure.data.jpa.JpaRepositoriesAutoConfiguration, org.springframework.boot.autoconfigure.flyway.FlywayAutoConfiguration, org.springframework.boot.autoconfigure.jdbc.DataSourceAutoConfiguration, org.springframework.boot.autoconfigure.jdbc.DataSourceTransactionManagerAutoConfiguration, org.springframework.boot.autoconfigure.jdbc.JdbcTemplateAutoConfiguration, org.springframework.boot.autoconfigure.liquibase.LiquibaseAutoConfiguration, org.springframework.boot.autoconfigure.orm.jpa.HibernateJpaAutoConfiguration, org.springframework.boot.autoconfigure.transaction.TransactionAutoConfiguration, org.springframework.boot.test.autoconfigure.jdbc.TestDatabaseAutoConfiguration, org.springframework.boot.test.autoconfigure.orm.jpa.TestEntityManagerAutoConfiguration]], org.springframework.boot.test.context.filter.ExcludeFilterContextCustomizer@2ea6e30c, org.springframework.boot.test.json.DuplicateJsonObjectContextCustomizerFactory$DuplicateJsonObjectContextCustomizer@388526fb, org.springframework.boot.test.mock.mockito.MockitoContextCustomizer@0], contextLoader = 'org.springframework.boot.test.context.SpringBootContextLoader', parent = [null]], attributes = map[[empty]]], class annotated with @DirtiesContext [false] with mode [null].
14:43:54.365 [Test worker] DEBUG org.springframework.test.context.support.DependencyInjectionTestExecutionListener - Performing dependency injection for test context [[DefaultTestContext@56aaaecd testClass = Demo0, testInstance = csc366.jpademo.Demo0@85e6769, testMethod = [null], testException = [null], mergedContextConfiguration = [MergedContextConfiguration@522a32b1 testClass = Demo0, locations = '{}', classes = '{class csc366.jpademo.JpaDemoApplication}', contextInitializerClasses = '[]', activeProfiles = '{}', propertySourceLocations = '{}', propertySourceProperties = '{spring.main.banner-mode=off, spring.jpa.hibernate.ddl-auto=update, logging.level.root=ERROR, logging.level.csc366=DEBUG, logging.level.org.hibernate.SQL=DEBUG, logging.level.org.hibernate.type.descriptor.sql.BasicBinder=TRACE, spring.jpa.properties.hibernate.format_sql=true, spring.jpa.show-sql=false, spring.jpa.properties.hibernate.show_sql=false, logging.pattern.console= %d{yyyy-MM-dd HH:mm:ss} - %msg%n, org.springframework.boot.test.autoconfigure.orm.jpa.DataJpaTestContextBootstrapper=true}', contextCustomizers = set[org.springframework.boot.test.autoconfigure.OverrideAutoConfigurationContextCustomizerFactory$DisableAutoConfigurationContextCustomizer@2c4d1ac, org.springframework.boot.test.autoconfigure.filter.TypeExcludeFiltersContextCustomizer@351584c0, org.springframework.boot.test.autoconfigure.properties.PropertyMappingContextCustomizer@db7179, org.springframework.boot.test.autoconfigure.web.servlet.WebDriverContextCustomizerFactory$Customizer@53941c2f, [ImportsContextCustomizer@35390ee3 key = [org.springframework.boot.autoconfigure.cache.CacheAutoConfiguration, org.springframework.boot.autoconfigure.data.jpa.JpaRepositoriesAutoConfiguration, org.springframework.boot.autoconfigure.flyway.FlywayAutoConfiguration, org.springframework.boot.autoconfigure.jdbc.DataSourceAutoConfiguration, org.springframework.boot.autoconfigure.jdbc.DataSourceTransactionManagerAutoConfiguration, org.springframework.boot.autoconfigure.jdbc.JdbcTemplateAutoConfiguration, org.springframework.boot.autoconfigure.liquibase.LiquibaseAutoConfiguration, org.springframework.boot.autoconfigure.orm.jpa.HibernateJpaAutoConfiguration, org.springframework.boot.autoconfigure.transaction.TransactionAutoConfiguration, org.springframework.boot.test.autoconfigure.jdbc.TestDatabaseAutoConfiguration, org.springframework.boot.test.autoconfigure.orm.jpa.TestEntityManagerAutoConfiguration]], org.springframework.boot.test.context.filter.ExcludeFilterContextCustomizer@2ea6e30c, org.springframework.boot.test.json.DuplicateJsonObjectContextCustomizerFactory$DuplicateJsonObjectContextCustomizer@388526fb, org.springframework.boot.test.mock.mockito.MockitoContextCustomizer@0], contextLoader = 'org.springframework.boot.test.context.SpringBootContextLoader', parent = [null]], attributes = map[[empty]]]].
14:43:54.399 [Test worker] DEBUG org.springframework.test.context.support.TestPropertySourceUtils - Adding inlined properties to environment: {spring.jmx.enabled=false, spring.main.banner-mode=off, spring.jpa.hibernate.ddl-auto=update, logging.level.root=ERROR, logging.level.csc366=DEBUG, logging.level.org.hibernate.SQL=DEBUG, logging.level.org.hibernate.type.descriptor.sql.BasicBinder=TRACE, spring.jpa.properties.hibernate.format_sql=true, spring.jpa.show-sql=false, spring.jpa.properties.hibernate.show_sql=false, logging.pattern.console= %d{yyyy-MM-dd HH:mm:ss} - %msg%n, org.springframework.boot.test.autoconfigure.orm.jpa.DataJpaTestContextBootstrapper=true, server.port=-1}
2024-03-03 14:43:54 - Starting Demo0 on CTS-TECHRENTALS-131315 with PID 39947 (started by tgsrikan in /Users/tgsrikan/366/csc-366-group-proj)
2024-03-03 14:43:54 - Running with Spring Boot v2.2.4.RELEASE, Spring v5.2.3.RELEASE
2024-03-03 14:43:54 - No active profile set, falling back to default profiles: default
2024-03-03 14:43:55 - 
    
    create table address (
       id bigint generated by default as identity,
        city varchar(255),
        state varchar(255),
        street varchar(255),
        zip_code varchar(255),
        person_id bigint,
        primary key (id)
    )
2024-03-03 14:43:55 - 
    
    create table bank (
       id bigint generated by default as identity,
        account_number varchar(255),
        bank_name varchar(255),
        first_name varchar(255),
        last_name varchar(255),
        employee_id bigint,
        primary key (id)
    )
2024-03-03 14:43:55 - 
    
    create table employee (
       id bigint generated by default as identity,
        age integer,
        first_name varchar(255),
        last_name varchar(255),
        position varchar(255),
        bank_id bigint,
        store_id bigint,
        primary key (id)
    )
2024-03-03 14:43:55 - 
    
    create table person (
       id bigint generated by default as identity,
        email varchar(255),
        first_name varchar(255),
        last_name varchar(255) not null,
        primary key (id)
    )
2024-03-03 14:43:55 - 
    
    create table store (
       id bigint generated by default as identity,
        city varchar(255),
        country varchar(255),
        state varchar(255),
        primary key (id)
    )
2024-03-03 14:43:55 - 
    
    create table work_instance (
       id bigint generated by default as identity,
        clock_in_time time,
        clock_out_time time,
        date date,
        total_hours integer,
        employee_id bigint not null,
        primary key (id)
    )
2024-03-03 14:43:55 - 
    
    alter table bank 
       drop constraint if exists UKm0x60owe0t3844g481abgp3cn
2024-03-03 14:43:55 - 
    
    alter table bank 
       add constraint UKm0x60owe0t3844g481abgp3cn unique (account_number, first_name, last_name)
2024-03-03 14:43:55 - 
    
    alter table employee 
       drop constraint if exists UK2braag35x5wsxg05m1su2dlvm
2024-03-03 14:43:55 - 
    
    alter table employee 
       add constraint UK2braag35x5wsxg05m1su2dlvm unique (last_name, first_name)
2024-03-03 14:43:55 - 
    
    alter table employee 
       drop constraint if exists UK_k19fiu1vgr79fo3urdkqqplw5
2024-03-03 14:43:55 - 
    
    alter table employee 
       add constraint UK_k19fiu1vgr79fo3urdkqqplw5 unique (last_name)
2024-03-03 14:43:55 - 
    
    alter table person 
       drop constraint if exists UK6wjuvbalf4x2thqkfxejnlbvh
2024-03-03 14:43:55 - 
    
    alter table person 
       add constraint UK6wjuvbalf4x2thqkfxejnlbvh unique (last_name, first_name)
2024-03-03 14:43:55 - 
    
    alter table person 
       drop constraint if exists UK_fwmwi44u55bo4rvwsv0cln012
2024-03-03 14:43:55 - 
    
    alter table person 
       add constraint UK_fwmwi44u55bo4rvwsv0cln012 unique (email)
2024-03-03 14:43:55 - 
    
    alter table person 
       drop constraint if exists UK_6atyavdanbj9pwrbrod7irb2x
2024-03-03 14:43:55 - 
    
    alter table person 
       add constraint UK_6atyavdanbj9pwrbrod7irb2x unique (last_name)
2024-03-03 14:43:55 - 
    
    alter table address 
       add constraint FK81ihijcn1kdfwffke0c0sjqeb 
       foreign key (person_id) 
       references person
2024-03-03 14:43:55 - 
    
    alter table bank 
       add constraint FKll16hwmx9rxjqvxknyg2pff3x 
       foreign key (employee_id) 
       references employee
2024-03-03 14:43:55 - 
    
    alter table employee 
       add constraint FKicptso0qh4vmwt76bgf5hm9p6 
       foreign key (bank_id) 
       references bank
2024-03-03 14:43:55 - 
    
    alter table employee 
       add constraint FKeg6451w5jta9oobtdgfe5c3n5 
       foreign key (store_id) 
       references store
2024-03-03 14:43:55 - 
    
    alter table work_instance 
       add constraint FKi7yub38igakkybwya6xumlcai 
       foreign key (employee_id) 
       references employee
2024-03-03 14:43:55 - Started Demo0 in 1.166 seconds (JVM running for 1.607)
2024-03-03 14:43:55 - 
    insert 
    into
        person
        (id, email, first_name, last_name) 
    values
        (null, ?, ?, ?)
2024-03-03 14:43:55 - binding parameter [1] as [VARCHAR] - [test@calpoly.edu]
2024-03-03 14:43:55 - binding parameter [2] as [VARCHAR] - [test]
2024-03-03 14:43:55 - binding parameter [3] as [VARCHAR] - [test]
2024-03-03 14:43:55 - 
    select
        person0_.id as id1_3_,
        person0_.email as email2_3_,
        person0_.first_name as first_na3_3_,
        person0_.last_name as last_nam4_3_ 
    from
        person person0_ 
    where
        person0_.first_name=?
2024-03-03 14:43:55 - binding parameter [1] as [VARCHAR] - [test]
2024-03-03 14:43:55 - Person[1,test,test,addresses=[]]
2024-03-03 14:43:55 - 
    insert 
    into
        person
        (id, email, first_name, last_name) 
    values
        (null, ?, ?, ?)
2024-03-03 14:43:55 - binding parameter [1] as [VARCHAR] - [test@calpoly.edu]
2024-03-03 14:43:55 - binding parameter [2] as [VARCHAR] - [test]
2024-03-03 14:43:55 - binding parameter [3] as [VARCHAR] - [test]
2024-03-03 14:43:55 - 
    select
        person0_.id as id1_3_,
        person0_.email as email2_3_,
        person0_.first_name as first_na3_3_,
        person0_.last_name as last_nam4_3_ 
    from
        person person0_ 
    where
        person0_.first_name=?
2024-03-03 14:43:55 - binding parameter [1] as [VARCHAR] - [test]
2024-03-03 14:43:55 - 
    insert 
    into
        person
        (id, email, first_name, last_name) 
    values
        (null, ?, ?, ?)
2024-03-03 14:43:55 - binding parameter [1] as [VARCHAR] - [test@calpoly.edu]
2024-03-03 14:43:55 - binding parameter [2] as [VARCHAR] - [test]
2024-03-03 14:43:55 - binding parameter [3] as [VARCHAR] - [test]
2024-03-03 14:43:55 - 
    delete 
    from
        person 
    where
        id=?
2024-03-03 14:43:55 - binding parameter [1] as [BIGINT] - [3]
2024-03-03 14:43:55 - 
    insert 
    into
        person
        (id, email, first_name, last_name) 
    values
        (null, ?, ?, ?)
2024-03-03 14:43:55 - binding parameter [1] as [VARCHAR] - [test@calpoly.edu]
2024-03-03 14:43:55 - binding parameter [2] as [VARCHAR] - [test]
2024-03-03 14:43:55 - binding parameter [3] as [VARCHAR] - [test]
2024-03-03 14:43:55 - 
    select
        person0_.id as id1_3_,
        person0_.email as email2_3_,
        person0_.first_name as first_na3_3_,
        person0_.last_name as last_nam4_3_ 
    from
        person person0_
2024-03-03 14:43:55 - 
    insert 
    into
        person
        (id, email, first_name, last_name) 
    values
        (null, ?, ?, ?)
2024-03-03 14:43:55 - binding parameter [1] as [VARCHAR] - [test@calpoly.edu]
2024-03-03 14:43:55 - binding parameter [2] as [VARCHAR] - [test]
2024-03-03 14:43:55 - binding parameter [3] as [VARCHAR] - [test]
2024-03-03 14:43:55 - 
    select
        person0_.id as id1_3_,
        person0_.email as email2_3_,
        person0_.first_name as first_na3_3_,
        person0_.last_name as last_nam4_3_ 
    from
        person person0_ 
    where
        person0_.first_name=?
2024-03-03 14:43:55 - binding parameter [1] as [VARCHAR] - [test]
2024-03-03 14:43:55 - 
    delete 
    from
        person 
    where
        id=?
2024-03-03 14:43:55 - binding parameter [1] as [BIGINT] - [5]
2024-03-03 14:43:55 - 
    insert 
    into
        person
        (id, email, first_name, last_name) 
    values
        (null, ?, ?, ?)
2024-03-03 14:43:55 - binding parameter [1] as [VARCHAR] - [test@calpoly.edu]
2024-03-03 14:43:55 - binding parameter [2] as [VARCHAR] - [test]
2024-03-03 14:43:55 - binding parameter [3] as [VARCHAR] - [test]
2024-03-03 14:43:55 - 
    select
        person0_.id as id1_3_,
        person0_.email as email2_3_,
        person0_.first_name as first_na3_3_,
        person0_.last_name as last_nam4_3_ 
    from
        person person0_ 
    where
        person0_.first_name=? 
        or person0_.last_name=?
2024-03-03 14:43:55 - binding parameter [1] as [VARCHAR] - [test]
2024-03-03 14:43:55 - binding parameter [2] as [VARCHAR] - [test]
2024-03-03 14:43:55 - 
    insert 
    into
        person
        (id, email, first_name, last_name) 
    values
        (null, ?, ?, ?)
2024-03-03 14:43:55 - binding parameter [1] as [VARCHAR] - [test@calpoly.edu]
2024-03-03 14:43:55 - binding parameter [2] as [VARCHAR] - [test]
2024-03-03 14:43:55 - binding parameter [3] as [VARCHAR] - [test]
2024-03-03 14:43:55 - 
    select
        * 
    from
        person as p 
    where
        p.first_name = ? 
        or p.last_name = ?
2024-03-03 14:43:55 - binding parameter [1] as [VARCHAR] - [test]
2024-03-03 14:43:55 - binding parameter [2] as [VARCHAR] - [test]
]]></system-out>
  <system-err><![CDATA[]]></system-err>
</testsuite>
