<?xml version="1.0" encoding="UTF-8"?>
<testsuite name="csc366.jpademo.Demo0" tests="7" skipped="0" failures="0" errors="0" timestamp="2024-03-04T02:50:43" hostname="sameeras-MacBook-Air.local" time="0.102">
  <properties/>
  <testcase name="testSavePerson()" classname="csc366.jpademo.Demo0" time="0.065"/>
  <testcase name="testGetPerson()" classname="csc366.jpademo.Demo0" time="0.004"/>
  <testcase name="testDeletePerson()" classname="csc366.jpademo.Demo0" time="0.009"/>
  <testcase name="testFindAllPersons()" classname="csc366.jpademo.Demo0" time="0.005"/>
  <testcase name="testDeletByPersonId()" classname="csc366.jpademo.Demo0" time="0.004"/>
  <testcase name="testJpqlFinder()" classname="csc366.jpademo.Demo0" time="0.004"/>
  <testcase name="testSqlFinder()" classname="csc366.jpademo.Demo0" time="0.008"/>
  <system-out><![CDATA[18:50:42.319 [Test worker] DEBUG org.springframework.test.context.BootstrapUtils - Instantiating CacheAwareContextLoaderDelegate from class [org.springframework.test.context.cache.DefaultCacheAwareContextLoaderDelegate]
18:50:42.323 [Test worker] DEBUG org.springframework.test.context.BootstrapUtils - Instantiating BootstrapContext using constructor [public org.springframework.test.context.support.DefaultBootstrapContext(java.lang.Class,org.springframework.test.context.CacheAwareContextLoaderDelegate)]
18:50:42.333 [Test worker] DEBUG org.springframework.test.context.BootstrapUtils - Instantiating TestContextBootstrapper for test class [csc366.jpademo.Demo0] from class [org.springframework.boot.test.autoconfigure.orm.jpa.DataJpaTestContextBootstrapper]
18:50:42.338 [Test worker] INFO org.springframework.boot.test.autoconfigure.orm.jpa.DataJpaTestContextBootstrapper - Neither @ContextConfiguration nor @ContextHierarchy found for test class [csc366.jpademo.Demo0], using SpringBootContextLoader
18:50:42.339 [Test worker] DEBUG org.springframework.test.context.support.AbstractContextLoader - Did not detect default resource location for test class [csc366.jpademo.Demo0]: class path resource [csc366/jpademo/Demo0-context.xml] does not exist
18:50:42.339 [Test worker] DEBUG org.springframework.test.context.support.AbstractContextLoader - Did not detect default resource location for test class [csc366.jpademo.Demo0]: class path resource [csc366/jpademo/Demo0Context.groovy] does not exist
18:50:42.339 [Test worker] INFO org.springframework.test.context.support.AbstractContextLoader - Could not detect default resource locations for test class [csc366.jpademo.Demo0]: no resource found for suffixes {-context.xml, Context.groovy}.
18:50:42.340 [Test worker] INFO org.springframework.test.context.support.AnnotationConfigContextLoaderUtils - Could not detect default configuration classes for test class [csc366.jpademo.Demo0]: Demo0 does not declare any static, non-private, non-final, nested classes annotated with @Configuration.
18:50:42.355 [Test worker] DEBUG org.springframework.test.context.support.ActiveProfilesUtils - Could not find an 'annotation declaring class' for annotation type [org.springframework.test.context.ActiveProfiles] and class [csc366.jpademo.Demo0]
18:50:42.373 [Test worker] DEBUG org.springframework.context.annotation.ClassPathScanningCandidateComponentProvider - Identified candidate component class: file [/Users/sameera/Desktop/366Project/build/classes/java/main/csc366/jpademo/JpaDemoApplication.class]
18:50:42.375 [Test worker] INFO org.springframework.boot.test.context.SpringBootTestContextBootstrapper - Found @SpringBootConfiguration csc366.jpademo.JpaDemoApplication for test class csc366.jpademo.Demo0
18:50:42.376 [Test worker] DEBUG org.springframework.boot.test.autoconfigure.orm.jpa.DataJpaTestContextBootstrapper - @TestExecutionListeners is not present for class [csc366.jpademo.Demo0]: using defaults.
18:50:42.376 [Test worker] INFO org.springframework.boot.test.autoconfigure.orm.jpa.DataJpaTestContextBootstrapper - Loaded default TestExecutionListener class names from location [META-INF/spring.factories]: [org.springframework.boot.test.autoconfigure.restdocs.RestDocsTestExecutionListener, org.springframework.boot.test.autoconfigure.web.client.MockRestServiceServerResetTestExecutionListener, org.springframework.boot.test.autoconfigure.web.servlet.MockMvcPrintOnlyOnFailureTestExecutionListener, org.springframework.boot.test.autoconfigure.web.servlet.WebDriverTestExecutionListener, org.springframework.boot.test.mock.mockito.MockitoTestExecutionListener, org.springframework.boot.test.mock.mockito.ResetMocksTestExecutionListener, org.springframework.test.context.web.ServletTestExecutionListener, org.springframework.test.context.support.DirtiesContextBeforeModesTestExecutionListener, org.springframework.test.context.support.DependencyInjectionTestExecutionListener, org.springframework.test.context.support.DirtiesContextTestExecutionListener, org.springframework.test.context.transaction.TransactionalTestExecutionListener, org.springframework.test.context.jdbc.SqlScriptsTestExecutionListener, org.springframework.test.context.event.EventPublishingTestExecutionListener]
18:50:42.381 [Test worker] INFO org.springframework.boot.test.autoconfigure.orm.jpa.DataJpaTestContextBootstrapper - Using TestExecutionListeners: [org.springframework.test.context.web.ServletTestExecutionListener@26bab2f1, org.springframework.test.context.support.DirtiesContextBeforeModesTestExecutionListener@3724af13, org.springframework.boot.test.mock.mockito.MockitoTestExecutionListener@68ead359, org.springframework.boot.test.autoconfigure.SpringBootDependencyInjectionTestExecutionListener@6b53bcc2, org.springframework.test.context.support.DirtiesContextTestExecutionListener@180da663, org.springframework.test.context.transaction.TransactionalTestExecutionListener@a43ce46, org.springframework.test.context.jdbc.SqlScriptsTestExecutionListener@340da44c, org.springframework.test.context.event.EventPublishingTestExecutionListener@424ebba3, org.springframework.boot.test.autoconfigure.restdocs.RestDocsTestExecutionListener@37052337, org.springframework.boot.test.autoconfigure.web.client.MockRestServiceServerResetTestExecutionListener@2320fa6f, org.springframework.boot.test.autoconfigure.web.servlet.MockMvcPrintOnlyOnFailureTestExecutionListener@7a560583, org.springframework.boot.test.autoconfigure.web.servlet.WebDriverTestExecutionListener@4d722ac9, org.springframework.boot.test.mock.mockito.ResetMocksTestExecutionListener@53f0a4cb]
18:50:42.382 [Test worker] DEBUG org.springframework.test.context.support.AbstractDirtiesContextTestExecutionListener - Before test class: context [DefaultTestContext@5cdd09b1 testClass = Demo0, testInstance = [null], testMethod = [null], testException = [null], mergedContextConfiguration = [MergedContextConfiguration@8c11eee testClass = Demo0, locations = '{}', classes = '{class csc366.jpademo.JpaDemoApplication}', contextInitializerClasses = '[]', activeProfiles = '{}', propertySourceLocations = '{}', propertySourceProperties = '{spring.main.banner-mode=off, spring.jpa.hibernate.ddl-auto=update, logging.level.root=ERROR, logging.level.csc366=DEBUG, logging.level.org.hibernate.SQL=DEBUG, logging.level.org.hibernate.type.descriptor.sql.BasicBinder=TRACE, spring.jpa.properties.hibernate.format_sql=true, spring.jpa.show-sql=false, spring.jpa.properties.hibernate.show_sql=false, logging.pattern.console= %d{yyyy-MM-dd HH:mm:ss} - %msg%n, org.springframework.boot.test.autoconfigure.orm.jpa.DataJpaTestContextBootstrapper=true}', contextCustomizers = set[org.springframework.boot.test.autoconfigure.OverrideAutoConfigurationContextCustomizerFactory$DisableAutoConfigurationContextCustomizer@3abada5a, org.springframework.boot.test.autoconfigure.filter.TypeExcludeFiltersContextCustomizer@351584c0, org.springframework.boot.test.autoconfigure.properties.PropertyMappingContextCustomizer@c879c460, org.springframework.boot.test.autoconfigure.web.servlet.WebDriverContextCustomizerFactory$Customizer@524f3b3a, [ImportsContextCustomizer@7e8dcdaa key = [org.springframework.boot.autoconfigure.cache.CacheAutoConfiguration, org.springframework.boot.autoconfigure.data.jpa.JpaRepositoriesAutoConfiguration, org.springframework.boot.autoconfigure.flyway.FlywayAutoConfiguration, org.springframework.boot.autoconfigure.jdbc.DataSourceAutoConfiguration, org.springframework.boot.autoconfigure.jdbc.DataSourceTransactionManagerAutoConfiguration, org.springframework.boot.autoconfigure.jdbc.JdbcTemplateAutoConfiguration, org.springframework.boot.autoconfigure.liquibase.LiquibaseAutoConfiguration, org.springframework.boot.autoconfigure.orm.jpa.HibernateJpaAutoConfiguration, org.springframework.boot.autoconfigure.transaction.TransactionAutoConfiguration, org.springframework.boot.test.autoconfigure.jdbc.TestDatabaseAutoConfiguration, org.springframework.boot.test.autoconfigure.orm.jpa.TestEntityManagerAutoConfiguration]], org.springframework.boot.test.context.filter.ExcludeFilterContextCustomizer@4ed5eb72, org.springframework.boot.test.json.DuplicateJsonObjectContextCustomizerFactory$DuplicateJsonObjectContextCustomizer@7e6ef134, org.springframework.boot.test.mock.mockito.MockitoContextCustomizer@0], contextLoader = 'org.springframework.boot.test.context.SpringBootContextLoader', parent = [null]], attributes = map[[empty]]], class annotated with @DirtiesContext [false] with mode [null].
18:50:42.385 [Test worker] DEBUG org.springframework.test.context.support.DependencyInjectionTestExecutionListener - Performing dependency injection for test context [[DefaultTestContext@5cdd09b1 testClass = Demo0, testInstance = csc366.jpademo.Demo0@5ee2b6f9, testMethod = [null], testException = [null], mergedContextConfiguration = [MergedContextConfiguration@8c11eee testClass = Demo0, locations = '{}', classes = '{class csc366.jpademo.JpaDemoApplication}', contextInitializerClasses = '[]', activeProfiles = '{}', propertySourceLocations = '{}', propertySourceProperties = '{spring.main.banner-mode=off, spring.jpa.hibernate.ddl-auto=update, logging.level.root=ERROR, logging.level.csc366=DEBUG, logging.level.org.hibernate.SQL=DEBUG, logging.level.org.hibernate.type.descriptor.sql.BasicBinder=TRACE, spring.jpa.properties.hibernate.format_sql=true, spring.jpa.show-sql=false, spring.jpa.properties.hibernate.show_sql=false, logging.pattern.console= %d{yyyy-MM-dd HH:mm:ss} - %msg%n, org.springframework.boot.test.autoconfigure.orm.jpa.DataJpaTestContextBootstrapper=true}', contextCustomizers = set[org.springframework.boot.test.autoconfigure.OverrideAutoConfigurationContextCustomizerFactory$DisableAutoConfigurationContextCustomizer@3abada5a, org.springframework.boot.test.autoconfigure.filter.TypeExcludeFiltersContextCustomizer@351584c0, org.springframework.boot.test.autoconfigure.properties.PropertyMappingContextCustomizer@c879c460, org.springframework.boot.test.autoconfigure.web.servlet.WebDriverContextCustomizerFactory$Customizer@524f3b3a, [ImportsContextCustomizer@7e8dcdaa key = [org.springframework.boot.autoconfigure.cache.CacheAutoConfiguration, org.springframework.boot.autoconfigure.data.jpa.JpaRepositoriesAutoConfiguration, org.springframework.boot.autoconfigure.flyway.FlywayAutoConfiguration, org.springframework.boot.autoconfigure.jdbc.DataSourceAutoConfiguration, org.springframework.boot.autoconfigure.jdbc.DataSourceTransactionManagerAutoConfiguration, org.springframework.boot.autoconfigure.jdbc.JdbcTemplateAutoConfiguration, org.springframework.boot.autoconfigure.liquibase.LiquibaseAutoConfiguration, org.springframework.boot.autoconfigure.orm.jpa.HibernateJpaAutoConfiguration, org.springframework.boot.autoconfigure.transaction.TransactionAutoConfiguration, org.springframework.boot.test.autoconfigure.jdbc.TestDatabaseAutoConfiguration, org.springframework.boot.test.autoconfigure.orm.jpa.TestEntityManagerAutoConfiguration]], org.springframework.boot.test.context.filter.ExcludeFilterContextCustomizer@4ed5eb72, org.springframework.boot.test.json.DuplicateJsonObjectContextCustomizerFactory$DuplicateJsonObjectContextCustomizer@7e6ef134, org.springframework.boot.test.mock.mockito.MockitoContextCustomizer@0], contextLoader = 'org.springframework.boot.test.context.SpringBootContextLoader', parent = [null]], attributes = map[[empty]]]].
18:50:42.413 [Test worker] DEBUG org.springframework.test.context.support.TestPropertySourceUtils - Adding inlined properties to environment: {spring.jmx.enabled=false, spring.main.banner-mode=off, spring.jpa.hibernate.ddl-auto=update, logging.level.root=ERROR, logging.level.csc366=DEBUG, logging.level.org.hibernate.SQL=DEBUG, logging.level.org.hibernate.type.descriptor.sql.BasicBinder=TRACE, spring.jpa.properties.hibernate.format_sql=true, spring.jpa.show-sql=false, spring.jpa.properties.hibernate.show_sql=false, logging.pattern.console= %d{yyyy-MM-dd HH:mm:ss} - %msg%n, org.springframework.boot.test.autoconfigure.orm.jpa.DataJpaTestContextBootstrapper=true, server.port=-1}
2024-03-03 18:50:42 - Starting Demo0 on sameeras-Air.lan with PID 76094 (started by sameera in /Users/sameera/Desktop/366Project)
2024-03-03 18:50:42 - Running with Spring Boot v2.2.4.RELEASE, Spring v5.2.3.RELEASE
2024-03-03 18:50:42 - No active profile set, falling back to default profiles: default
2024-03-03 18:50:43 - 
    
    create table address (
       id bigint generated by default as identity,
        city varchar(255),
        state varchar(255),
        street varchar(255),
        zip_code varchar(255),
        person_id bigint,
        primary key (id)
    )
2024-03-03 18:50:43 - 
    
    create table bank (
       id bigint generated by default as identity,
        account_number varchar(255),
        bank_name varchar(255),
        first_name varchar(255),
        last_name varchar(255),
        employee_id bigint,
        primary key (id)
    )
2024-03-03 18:50:43 - 
    
    create table customer (
       id bigint generated by default as identity,
        first_name varchar(255),
        last_name varchar(255) not null,
        primary key (id)
    )
2024-03-03 18:50:43 - 
    
    create table employee (
       id bigint generated by default as identity,
        age integer,
        first_name varchar(255),
        last_name varchar(255),
        position varchar(255),
        bank_id bigint,
        store_id bigint,
        primary key (id)
    )
2024-03-03 18:50:43 - 
    
    create table person (
       id bigint generated by default as identity,
        email varchar(255),
        first_name varchar(255),
        last_name varchar(255) not null,
        primary key (id)
    )
2024-03-03 18:50:43 - 
    
    create table product (
       id bigint generated by default as identity,
        cost float not null,
        quantity integer,
        supplier_id bigint,
        primary key (id)
    )
2024-03-03 18:50:43 - 
    
    create table receipts (
       id bigint generated by default as identity,
        receipt_date date,
        rewards_earned integer,
        total_cost float,
        customer_id bigint,
        primary key (id)
    )
2024-03-03 18:50:43 - 
    
    create table store (
       id bigint generated by default as identity,
        city varchar(255),
        country varchar(255),
        state varchar(255),
        primary key (id)
    )
2024-03-03 18:50:43 - 
    
    create table supplier (
       id bigint generated by default as identity,
        primary key (id)
    )
2024-03-03 18:50:43 - 
    
    create table work_instance (
       id bigint generated by default as identity,
        clock_in_time time,
        clock_out_time time,
        date date,
        total_hours integer,
        employee_id bigint not null,
        primary key (id)
    )
2024-03-03 18:50:43 - 
    
    alter table bank 
       drop constraint if exists UKm0x60owe0t3844g481abgp3cn
2024-03-03 18:50:43 - 
    
    alter table bank 
       add constraint UKm0x60owe0t3844g481abgp3cn unique (account_number, first_name, last_name)
2024-03-03 18:50:43 - 
    
    alter table customer 
       drop constraint if exists UK_fxawosbpjojlj4173ymava9ni
2024-03-03 18:50:43 - 
    
    alter table customer 
       add constraint UK_fxawosbpjojlj4173ymava9ni unique (last_name)
2024-03-03 18:50:43 - 
    
    alter table employee 
       drop constraint if exists UK2braag35x5wsxg05m1su2dlvm
2024-03-03 18:50:43 - 
    
    alter table employee 
       add constraint UK2braag35x5wsxg05m1su2dlvm unique (last_name, first_name)
2024-03-03 18:50:43 - 
    
    alter table employee 
       drop constraint if exists UK_k19fiu1vgr79fo3urdkqqplw5
2024-03-03 18:50:43 - 
    
    alter table employee 
       add constraint UK_k19fiu1vgr79fo3urdkqqplw5 unique (last_name)
2024-03-03 18:50:43 - 
    
    alter table person 
       drop constraint if exists UK6wjuvbalf4x2thqkfxejnlbvh
2024-03-03 18:50:43 - 
    
    alter table person 
       add constraint UK6wjuvbalf4x2thqkfxejnlbvh unique (last_name, first_name)
2024-03-03 18:50:43 - 
    
    alter table person 
       drop constraint if exists UK_fwmwi44u55bo4rvwsv0cln012
2024-03-03 18:50:43 - 
    
    alter table person 
       add constraint UK_fwmwi44u55bo4rvwsv0cln012 unique (email)
2024-03-03 18:50:43 - 
    
    alter table person 
       drop constraint if exists UK_6atyavdanbj9pwrbrod7irb2x
2024-03-03 18:50:43 - 
    
    alter table person 
       add constraint UK_6atyavdanbj9pwrbrod7irb2x unique (last_name)
2024-03-03 18:50:43 - 
    
    alter table address 
       add constraint FK81ihijcn1kdfwffke0c0sjqeb 
       foreign key (person_id) 
       references person
2024-03-03 18:50:43 - 
    
    alter table bank 
       add constraint FKll16hwmx9rxjqvxknyg2pff3x 
       foreign key (employee_id) 
       references employee
2024-03-03 18:50:43 - 
    
    alter table employee 
       add constraint FKicptso0qh4vmwt76bgf5hm9p6 
       foreign key (bank_id) 
       references bank
2024-03-03 18:50:43 - 
    
    alter table employee 
       add constraint FKeg6451w5jta9oobtdgfe5c3n5 
       foreign key (store_id) 
       references store
2024-03-03 18:50:43 - 
    
    alter table product 
       add constraint FK2kxvbr72tmtscjvyp9yqb12by 
       foreign key (supplier_id) 
       references supplier
2024-03-03 18:50:43 - 
    
    alter table receipts 
       add constraint FK3o2yuoxkl3soogqypwl4y701d 
       foreign key (customer_id) 
       references customer
2024-03-03 18:50:43 - 
    
    alter table work_instance 
       add constraint FKi7yub38igakkybwya6xumlcai 
       foreign key (employee_id) 
       references employee
2024-03-03 18:50:43 - Started Demo0 in 0.939 seconds (JVM running for 1.319)
2024-03-03 18:50:43 - 
    insert 
    into
        person
        (id, email, first_name, last_name) 
    values
        (null, ?, ?, ?)
2024-03-03 18:50:43 - binding parameter [1] as [VARCHAR] - [test@calpoly.edu]
2024-03-03 18:50:43 - binding parameter [2] as [VARCHAR] - [test]
2024-03-03 18:50:43 - binding parameter [3] as [VARCHAR] - [test]
2024-03-03 18:50:43 - 
    select
        person0_.id as id1_4_,
        person0_.email as email2_4_,
        person0_.first_name as first_na3_4_,
        person0_.last_name as last_nam4_4_ 
    from
        person person0_ 
    where
        person0_.first_name=?
2024-03-03 18:50:43 - binding parameter [1] as [VARCHAR] - [test]
2024-03-03 18:50:43 - Person[1,test,test,addresses=[]]
2024-03-03 18:50:43 - 
    insert 
    into
        person
        (id, email, first_name, last_name) 
    values
        (null, ?, ?, ?)
2024-03-03 18:50:43 - binding parameter [1] as [VARCHAR] - [test@calpoly.edu]
2024-03-03 18:50:43 - binding parameter [2] as [VARCHAR] - [test]
2024-03-03 18:50:43 - binding parameter [3] as [VARCHAR] - [test]
2024-03-03 18:50:43 - 
    select
        person0_.id as id1_4_,
        person0_.email as email2_4_,
        person0_.first_name as first_na3_4_,
        person0_.last_name as last_nam4_4_ 
    from
        person person0_ 
    where
        person0_.first_name=?
2024-03-03 18:50:43 - binding parameter [1] as [VARCHAR] - [test]
2024-03-03 18:50:43 - 
    insert 
    into
        person
        (id, email, first_name, last_name) 
    values
        (null, ?, ?, ?)
2024-03-03 18:50:43 - binding parameter [1] as [VARCHAR] - [test@calpoly.edu]
2024-03-03 18:50:43 - binding parameter [2] as [VARCHAR] - [test]
2024-03-03 18:50:43 - binding parameter [3] as [VARCHAR] - [test]
2024-03-03 18:50:43 - 
    delete 
    from
        person 
    where
        id=?
2024-03-03 18:50:43 - binding parameter [1] as [BIGINT] - [3]
2024-03-03 18:50:43 - 
    insert 
    into
        person
        (id, email, first_name, last_name) 
    values
        (null, ?, ?, ?)
2024-03-03 18:50:43 - binding parameter [1] as [VARCHAR] - [test@calpoly.edu]
2024-03-03 18:50:43 - binding parameter [2] as [VARCHAR] - [test]
2024-03-03 18:50:43 - binding parameter [3] as [VARCHAR] - [test]
2024-03-03 18:50:43 - 
    select
        person0_.id as id1_4_,
        person0_.email as email2_4_,
        person0_.first_name as first_na3_4_,
        person0_.last_name as last_nam4_4_ 
    from
        person person0_
2024-03-03 18:50:43 - 
    insert 
    into
        person
        (id, email, first_name, last_name) 
    values
        (null, ?, ?, ?)
2024-03-03 18:50:43 - binding parameter [1] as [VARCHAR] - [test@calpoly.edu]
2024-03-03 18:50:43 - binding parameter [2] as [VARCHAR] - [test]
2024-03-03 18:50:43 - binding parameter [3] as [VARCHAR] - [test]
2024-03-03 18:50:43 - 
    select
        person0_.id as id1_4_,
        person0_.email as email2_4_,
        person0_.first_name as first_na3_4_,
        person0_.last_name as last_nam4_4_ 
    from
        person person0_ 
    where
        person0_.first_name=?
2024-03-03 18:50:43 - binding parameter [1] as [VARCHAR] - [test]
2024-03-03 18:50:43 - 
    delete 
    from
        person 
    where
        id=?
2024-03-03 18:50:43 - binding parameter [1] as [BIGINT] - [5]
2024-03-03 18:50:43 - 
    insert 
    into
        person
        (id, email, first_name, last_name) 
    values
        (null, ?, ?, ?)
2024-03-03 18:50:43 - binding parameter [1] as [VARCHAR] - [test@calpoly.edu]
2024-03-03 18:50:43 - binding parameter [2] as [VARCHAR] - [test]
2024-03-03 18:50:43 - binding parameter [3] as [VARCHAR] - [test]
2024-03-03 18:50:43 - 
    select
        person0_.id as id1_4_,
        person0_.email as email2_4_,
        person0_.first_name as first_na3_4_,
        person0_.last_name as last_nam4_4_ 
    from
        person person0_ 
    where
        person0_.first_name=? 
        or person0_.last_name=?
2024-03-03 18:50:43 - binding parameter [1] as [VARCHAR] - [test]
2024-03-03 18:50:43 - binding parameter [2] as [VARCHAR] - [test]
2024-03-03 18:50:43 - 
    insert 
    into
        person
        (id, email, first_name, last_name) 
    values
        (null, ?, ?, ?)
2024-03-03 18:50:43 - binding parameter [1] as [VARCHAR] - [test@calpoly.edu]
2024-03-03 18:50:43 - binding parameter [2] as [VARCHAR] - [test]
2024-03-03 18:50:43 - binding parameter [3] as [VARCHAR] - [test]
2024-03-03 18:50:43 - 
    select
        * 
    from
        person as p 
    where
        p.first_name = ? 
        or p.last_name = ?
2024-03-03 18:50:43 - binding parameter [1] as [VARCHAR] - [test]
2024-03-03 18:50:43 - binding parameter [2] as [VARCHAR] - [test]
]]></system-out>
  <system-err><![CDATA[]]></system-err>
</testsuite>
