<?xml version="1.0" encoding="UTF-8"?>
<testsuite name="csc366.jpademo.Demo1" tests="5" skipped="0" failures="0" errors="0" timestamp="2024-03-04T02:36:42" hostname="sameeras-MacBook-Air.local" time="0.023">
  <properties/>
  <testcase name="testPersonAndAddress()" classname="csc366.jpademo.Demo1" time="0.008"/>
  <testcase name="testPersonAddressQuery()" classname="csc366.jpademo.Demo1" time="0.003"/>
  <testcase name="testRemoveAddress()" classname="csc366.jpademo.Demo1" time="0.003"/>
  <testcase name="testRemoveAddressAndFlush()" classname="csc366.jpademo.Demo1" time="0.003"/>
  <testcase name="testJpqlJoin()" classname="csc366.jpademo.Demo1" time="0.004"/>
  <system-out><![CDATA[2024-03-03 18:36:42 - Starting Demo1 on sameeras-Air.lan with PID 75912 (started by sameera in /Users/sameera/Desktop/366Project)
2024-03-03 18:36:42 - Running with Spring Boot v2.2.4.RELEASE, Spring v5.2.3.RELEASE
2024-03-03 18:36:42 - No active profile set, falling back to default profiles: default
2024-03-03 18:36:42 - 
    
    create table address (
       id bigint generated by default as identity,
        city varchar(255),
        state varchar(255),
        street varchar(255),
        zip_code varchar(255),
        person_id bigint,
        primary key (id)
    )
2024-03-03 18:36:42 - 
    
    create table bank (
       id bigint generated by default as identity,
        account_number varchar(255),
        bank_name varchar(255),
        first_name varchar(255),
        last_name varchar(255),
        employee_id bigint,
        primary key (id)
    )
2024-03-03 18:36:42 - 
    
    create table customer (
       id bigint generated by default as identity,
        first_name varchar(255),
        last_name varchar(255) not null,
        primary key (id)
    )
2024-03-03 18:36:42 - 
    
    create table employee (
       id bigint generated by default as identity,
        age integer,
        first_name varchar(255),
        last_name varchar(255),
        position varchar(255),
        bank_id bigint,
        store_id bigint,
        primary key (id)
    )
2024-03-03 18:36:42 - 
    
    create table person (
       id bigint generated by default as identity,
        email varchar(255),
        first_name varchar(255),
        last_name varchar(255) not null,
        primary key (id)
    )
2024-03-03 18:36:42 - 
    
    create table product (
       id bigint generated by default as identity,
        cost float not null,
        supplier_id bigint,
        primary key (id)
    )
2024-03-03 18:36:42 - 
    
    create table receipts (
       id bigint generated by default as identity,
        receipt_date date,
        rewards_earned integer,
        total_cost float,
        customer_id bigint,
        primary key (id)
    )
2024-03-03 18:36:42 - 
    
    create table store (
       id bigint generated by default as identity,
        city varchar(255),
        country varchar(255),
        state varchar(255),
        primary key (id)
    )
2024-03-03 18:36:42 - 
    
    create table supplier (
       id bigint generated by default as identity,
        primary key (id)
    )
2024-03-03 18:36:42 - 
    
    create table work_instance (
       id bigint generated by default as identity,
        clock_in_time time,
        clock_out_time time,
        date date,
        total_hours integer,
        employee_id bigint not null,
        primary key (id)
    )
2024-03-03 18:36:42 - 
    
    alter table bank 
       drop constraint if exists UKm0x60owe0t3844g481abgp3cn
2024-03-03 18:36:42 - 
    
    alter table bank 
       add constraint UKm0x60owe0t3844g481abgp3cn unique (account_number, first_name, last_name)
2024-03-03 18:36:42 - 
    
    alter table customer 
       drop constraint if exists UK_fxawosbpjojlj4173ymava9ni
2024-03-03 18:36:42 - 
    
    alter table customer 
       add constraint UK_fxawosbpjojlj4173ymava9ni unique (last_name)
2024-03-03 18:36:42 - 
    
    alter table employee 
       drop constraint if exists UK2braag35x5wsxg05m1su2dlvm
2024-03-03 18:36:42 - 
    
    alter table employee 
       add constraint UK2braag35x5wsxg05m1su2dlvm unique (last_name, first_name)
2024-03-03 18:36:42 - 
    
    alter table employee 
       drop constraint if exists UK_k19fiu1vgr79fo3urdkqqplw5
2024-03-03 18:36:42 - 
    
    alter table employee 
       add constraint UK_k19fiu1vgr79fo3urdkqqplw5 unique (last_name)
2024-03-03 18:36:42 - 
    
    alter table person 
       drop constraint if exists UK6wjuvbalf4x2thqkfxejnlbvh
2024-03-03 18:36:42 - 
    
    alter table person 
       add constraint UK6wjuvbalf4x2thqkfxejnlbvh unique (last_name, first_name)
2024-03-03 18:36:42 - 
    
    alter table person 
       drop constraint if exists UK_fwmwi44u55bo4rvwsv0cln012
2024-03-03 18:36:42 - 
    
    alter table person 
       add constraint UK_fwmwi44u55bo4rvwsv0cln012 unique (email)
2024-03-03 18:36:42 - 
    
    alter table person 
       drop constraint if exists UK_6atyavdanbj9pwrbrod7irb2x
2024-03-03 18:36:42 - 
    
    alter table person 
       add constraint UK_6atyavdanbj9pwrbrod7irb2x unique (last_name)
2024-03-03 18:36:42 - 
    
    alter table address 
       add constraint FK81ihijcn1kdfwffke0c0sjqeb 
       foreign key (person_id) 
       references person
2024-03-03 18:36:42 - 
    
    alter table bank 
       add constraint FKll16hwmx9rxjqvxknyg2pff3x 
       foreign key (employee_id) 
       references employee
2024-03-03 18:36:42 - 
    
    alter table employee 
       add constraint FKicptso0qh4vmwt76bgf5hm9p6 
       foreign key (bank_id) 
       references bank
2024-03-03 18:36:42 - 
    
    alter table employee 
       add constraint FKeg6451w5jta9oobtdgfe5c3n5 
       foreign key (store_id) 
       references store
2024-03-03 18:36:42 - 
    
    alter table product 
       add constraint FK2kxvbr72tmtscjvyp9yqb12by 
       foreign key (supplier_id) 
       references supplier
2024-03-03 18:36:42 - 
    
    alter table receipts 
       add constraint FK3o2yuoxkl3soogqypwl4y701d 
       foreign key (customer_id) 
       references customer
2024-03-03 18:36:42 - 
    
    alter table work_instance 
       add constraint FKi7yub38igakkybwya6xumlcai 
       foreign key (employee_id) 
       references employee
2024-03-03 18:36:42 - Started Demo1 in 0.149 seconds (JVM running for 1.578)
2024-03-03 18:36:42 - 
    insert 
    into
        person
        (id, email, first_name, last_name) 
    values
        (null, ?, ?, ?)
2024-03-03 18:36:42 - binding parameter [1] as [VARCHAR] - [test@calpoly.edu]
2024-03-03 18:36:42 - binding parameter [2] as [VARCHAR] - [test]
2024-03-03 18:36:42 - binding parameter [3] as [VARCHAR] - [test]
2024-03-03 18:36:42 - 
    insert 
    into
        address
        (id, city, person_id, state, street, zip_code) 
    values
        (null, ?, ?, ?, ?, ?)
2024-03-03 18:36:42 - binding parameter [1] as [VARCHAR] - [SLO]
2024-03-03 18:36:42 - binding parameter [2] as [BIGINT] - [1]
2024-03-03 18:36:42 - binding parameter [3] as [VARCHAR] - [CA]
2024-03-03 18:36:42 - binding parameter [4] as [VARCHAR] - [1 Grand Ave]
2024-03-03 18:36:42 - binding parameter [5] as [VARCHAR] - [93407]
2024-03-03 18:36:42 - 
    select
        person0_.id as id1_4_,
        person0_.email as email2_4_,
        person0_.first_name as first_na3_4_,
        person0_.last_name as last_nam4_4_ 
    from
        person person0_ 
    where
        person0_.first_name=?
2024-03-03 18:36:42 - binding parameter [1] as [VARCHAR] - [test]
2024-03-03 18:36:42 - Person[1,test,test,addresses=[Address[1,1 Grand Ave,SLO,CA,93407]]]
2024-03-03 18:36:42 - 
    insert 
    into
        person
        (id, email, first_name, last_name) 
    values
        (null, ?, ?, ?)
2024-03-03 18:36:42 - binding parameter [1] as [VARCHAR] - [test@calpoly.edu]
2024-03-03 18:36:42 - binding parameter [2] as [VARCHAR] - [test]
2024-03-03 18:36:42 - binding parameter [3] as [VARCHAR] - [test]
2024-03-03 18:36:42 - 
    insert 
    into
        address
        (id, city, person_id, state, street, zip_code) 
    values
        (null, ?, ?, ?, ?, ?)
2024-03-03 18:36:42 - binding parameter [1] as [VARCHAR] - [SLO]
2024-03-03 18:36:42 - binding parameter [2] as [BIGINT] - [2]
2024-03-03 18:36:42 - binding parameter [3] as [VARCHAR] - [CA]
2024-03-03 18:36:42 - binding parameter [4] as [VARCHAR] - [1 Grand Ave]
2024-03-03 18:36:42 - binding parameter [5] as [VARCHAR] - [93407]
2024-03-03 18:36:42 - 
    select
        person0_.id as id1_4_,
        person0_.email as email2_4_,
        person0_.first_name as first_na3_4_,
        person0_.last_name as last_nam4_4_ 
    from
        person person0_ 
    where
        person0_.first_name=?
2024-03-03 18:36:42 - binding parameter [1] as [VARCHAR] - [test]
2024-03-03 18:36:42 - 
    insert 
    into
        person
        (id, email, first_name, last_name) 
    values
        (null, ?, ?, ?)
2024-03-03 18:36:42 - binding parameter [1] as [VARCHAR] - [test@calpoly.edu]
2024-03-03 18:36:42 - binding parameter [2] as [VARCHAR] - [test]
2024-03-03 18:36:42 - binding parameter [3] as [VARCHAR] - [test]
2024-03-03 18:36:42 - 
    insert 
    into
        address
        (id, city, person_id, state, street, zip_code) 
    values
        (null, ?, ?, ?, ?, ?)
2024-03-03 18:36:42 - binding parameter [1] as [VARCHAR] - [SLO]
2024-03-03 18:36:42 - binding parameter [2] as [BIGINT] - [3]
2024-03-03 18:36:42 - binding parameter [3] as [VARCHAR] - [CA]
2024-03-03 18:36:42 - binding parameter [4] as [VARCHAR] - [1 Grand Ave]
2024-03-03 18:36:42 - binding parameter [5] as [VARCHAR] - [93407]
2024-03-03 18:36:42 - 
    select
        person0_.id as id1_4_,
        person0_.email as email2_4_,
        person0_.first_name as first_na3_4_,
        person0_.last_name as last_nam4_4_ 
    from
        person person0_ 
    where
        person0_.first_name=?
2024-03-03 18:36:42 - binding parameter [1] as [VARCHAR] - [test]
2024-03-03 18:36:42 - Person[3,test,test,addresses=[]]
2024-03-03 18:36:42 - 
    insert 
    into
        person
        (id, email, first_name, last_name) 
    values
        (null, ?, ?, ?)
2024-03-03 18:36:42 - binding parameter [1] as [VARCHAR] - [test@calpoly.edu]
2024-03-03 18:36:42 - binding parameter [2] as [VARCHAR] - [test]
2024-03-03 18:36:42 - binding parameter [3] as [VARCHAR] - [test]
2024-03-03 18:36:42 - 
    insert 
    into
        address
        (id, city, person_id, state, street, zip_code) 
    values
        (null, ?, ?, ?, ?, ?)
2024-03-03 18:36:42 - binding parameter [1] as [VARCHAR] - [SLO]
2024-03-03 18:36:42 - binding parameter [2] as [BIGINT] - [4]
2024-03-03 18:36:42 - binding parameter [3] as [VARCHAR] - [CA]
2024-03-03 18:36:42 - binding parameter [4] as [VARCHAR] - [1 Grand Ave]
2024-03-03 18:36:42 - binding parameter [5] as [VARCHAR] - [93407]
2024-03-03 18:36:42 - 
    select
        person0_.id as id1_4_,
        person0_.email as email2_4_,
        person0_.first_name as first_na3_4_,
        person0_.last_name as last_nam4_4_ 
    from
        person person0_ 
    where
        person0_.first_name=?
2024-03-03 18:36:42 - binding parameter [1] as [VARCHAR] - [test]
2024-03-03 18:36:42 - 
    delete 
    from
        address 
    where
        id=?
2024-03-03 18:36:42 - binding parameter [1] as [BIGINT] - [4]
2024-03-03 18:36:42 - Person[4,test,test,addresses=[]]
2024-03-03 18:36:42 - 
    insert 
    into
        person
        (id, email, first_name, last_name) 
    values
        (null, ?, ?, ?)
2024-03-03 18:36:42 - binding parameter [1] as [VARCHAR] - [test@calpoly.edu]
2024-03-03 18:36:42 - binding parameter [2] as [VARCHAR] - [test]
2024-03-03 18:36:42 - binding parameter [3] as [VARCHAR] - [test]
2024-03-03 18:36:42 - 
    insert 
    into
        address
        (id, city, person_id, state, street, zip_code) 
    values
        (null, ?, ?, ?, ?, ?)
2024-03-03 18:36:42 - binding parameter [1] as [VARCHAR] - [SLO]
2024-03-03 18:36:42 - binding parameter [2] as [BIGINT] - [5]
2024-03-03 18:36:42 - binding parameter [3] as [VARCHAR] - [CA]
2024-03-03 18:36:42 - binding parameter [4] as [VARCHAR] - [1 Grand Ave]
2024-03-03 18:36:42 - binding parameter [5] as [VARCHAR] - [93407]
2024-03-03 18:36:42 - 
    select
        person0_.id as id1_4_,
        person0_.email as email2_4_,
        person0_.first_name as first_na3_4_,
        person0_.last_name as last_nam4_4_ 
    from
        person person0_ 
    inner join
        address addresses1_ 
            on person0_.id=addresses1_.person_id 
    where
        person0_.first_name=? 
        or person0_.last_name=?
2024-03-03 18:36:42 - binding parameter [1] as [VARCHAR] - [test]
2024-03-03 18:36:42 - binding parameter [2] as [VARCHAR] - [test]
2024-03-03 18:36:42 - Person[5,test,test,addresses=[Address[5,1 Grand Ave,SLO,CA,93407]]]
2024-03-03 18:36:42 - 
    insert 
    into
        address
        (id, city, person_id, state, street, zip_code) 
    values
        (null, ?, ?, ?, ?, ?)
2024-03-03 18:36:42 - binding parameter [1] as [VARCHAR] - [SLO]
2024-03-03 18:36:42 - binding parameter [2] as [BIGINT] - [5]
2024-03-03 18:36:42 - binding parameter [3] as [VARCHAR] - [CA]
2024-03-03 18:36:42 - binding parameter [4] as [VARCHAR] - [2 Grand Ave]
2024-03-03 18:36:42 - binding parameter [5] as [VARCHAR] - [93407-0002]
2024-03-03 18:36:42 - 
    select
        person0_.id as id1_4_,
        person0_.email as email2_4_,
        person0_.first_name as first_na3_4_,
        person0_.last_name as last_nam4_4_ 
    from
        person person0_ 
    inner join
        address addresses1_ 
            on person0_.id=addresses1_.person_id 
    where
        person0_.first_name=? 
        or person0_.last_name=?
2024-03-03 18:36:42 - binding parameter [1] as [VARCHAR] - [test]
2024-03-03 18:36:42 - binding parameter [2] as [VARCHAR] - [test]
2024-03-03 18:36:42 - Person[5,test,test,addresses=[Address[5,1 Grand Ave,SLO,CA,93407], Address[6,2 Grand Ave,SLO,CA,93407-0002]]]
]]></system-out>
  <system-err><![CDATA[]]></system-err>
</testsuite>
